[debug] ----------------------------------------------------------------------
[debug] Command:      C:\Program Files\nodejs\node.exe C:\Users\bboyc\AppData\Roaming\npm\node_modules\firebase-tools\bin\firebase serve
[debug] CLI Version:  3.7.0
[debug] Platform:     win32
[debug] Node Version: v7.10.0
[debug] Time:         Thu May 11 2017 20:10:26 GMT-0700 (Pacific Daylight Time)
[debug] ----------------------------------------------------------------------
[debug] 
[debug] > command requires scopes: ["email","openid","https://www.googleapis.com/auth/cloudplatformprojects.readonly","https://www.googleapis.com/auth/firebase","https://www.googleapis.com/auth/cloud-platform"]
[debug] >>> HTTP REQUEST GET https://admin.firebase.com/v1/projects/eventmakr-vendors  
 Thu May 11 2017 20:10:26 GMT-0700 (Pacific Daylight Time)
[debug] <<< HTTP RESPONSE 200
[debug] >>> HTTP REQUEST GET https://admin.firebase.com/v1/database/eventmakr-vendors/tokens  
 Thu May 11 2017 20:10:27 GMT-0700 (Pacific Daylight Time)
[debug] <<< HTTP RESPONSE 200
[info] Starting Firebase development server...
[info] 
[info] Project Directory: C:\Users\bboyc\Desktop\Websites\eventmakr-vendors - firebase
[debug] >>> HTTP REQUEST GET https://cloudresourcemanager.googleapis.com/v1/projects/eventmakr-vendors  
 Thu May 11 2017 20:10:27 GMT-0700 (Pacific Daylight Time)
[debug] <<< HTTP RESPONSE 200
[debug] >>> HTTP REQUEST GET https://mobilesdk-pa.googleapis.com/v1/projects/13411057109/clients/_:getWebAppConfig  
 Thu May 11 2017 20:10:28 GMT-0700 (Pacific Daylight Time)
[debug] <<< HTTP RESPONSE 200
[info] Public Directory: public
[info] 
[info] Server listening at: http://localhost:5000
[debug] ----------------------------------------------------------------------
[debug] Command:      C:\Program Files\nodejs\node.exe C:\Users\bboyc\AppData\Roaming\npm\node_modules\firebase-tools\bin\firebase serve
[debug] CLI Version:  3.7.0
[debug] Platform:     win32
[debug] Node Version: v7.10.0
[debug] Time:         Fri May 12 2017 10:06:42 GMT-0700 (Pacific Daylight Time)
[debug] ----------------------------------------------------------------------
[debug] 
[debug] > command requires scopes: ["email","openid","https://www.googleapis.com/auth/cloudplatformprojects.readonly","https://www.googleapis.com/auth/firebase","https://www.googleapis.com/auth/cloud-platform"]
[debug] > refreshing access token with scopes: ["email","https://www.googleapis.com/auth/cloud-platform","https://www.googleapis.com/auth/cloudplatformprojects.readonly","https://www.googleapis.com/auth/firebase","openid"]
[debug] >>> HTTP REQUEST POST https://www.googleapis.com/oauth2/v3/token { refresh_token: '1/WAIRMWfOhmLIkACKzdy4ODv0fQyStbeJaMo5TEAIi3BVBOT5ZLeZivDK_aFpSn5V',
  client_id: '563584335869-fgrhgmd47bqnekij5i8b5pr03ho849e6.apps.googleusercontent.com',
  client_secret: 'j9iVZfS8kkCEFUPaAeJV0sAi',
  grant_type: 'refresh_token',
  scope: 'email https://www.googleapis.com/auth/cloud-platform https://www.googleapis.com/auth/cloudplatformprojects.readonly https://www.googleapis.com/auth/firebase openid' } 
 Fri May 12 2017 10:06:42 GMT-0700 (Pacific Daylight Time)
[debug] <<< HTTP RESPONSE 200
[debug] >>> HTTP REQUEST GET https://admin.firebase.com/v1/projects/eventmakr-vendors  
 Fri May 12 2017 10:06:43 GMT-0700 (Pacific Daylight Time)
[debug] <<< HTTP RESPONSE 200
[debug] >>> HTTP REQUEST GET https://admin.firebase.com/v1/database/eventmakr-vendors/tokens  
 Fri May 12 2017 10:06:44 GMT-0700 (Pacific Daylight Time)
[debug] <<< HTTP RESPONSE 200
[info] Starting Firebase development server...
[info] 
[info] Project Directory: C:\Users\bboyc\Desktop\Websites\eventmakr-vendors - firebase
[debug] >>> HTTP REQUEST GET https://cloudresourcemanager.googleapis.com/v1/projects/eventmakr-vendors  
 Fri May 12 2017 10:06:44 GMT-0700 (Pacific Daylight Time)
[debug] <<< HTTP RESPONSE 200
[debug] >>> HTTP REQUEST GET https://mobilesdk-pa.googleapis.com/v1/projects/13411057109/clients/_:getWebAppConfig  
 Fri May 12 2017 10:06:44 GMT-0700 (Pacific Daylight Time)
[debug] <<< HTTP RESPONSE 200
[info] Public Directory: public
[info] 
[info] Server listening at: http://localhost:5000
